Using pre-set license
Built from '2020.3/staging' branch; Version is '2020.3.26f1 (7298b473bc1a) revision 7510196'; Using compiler version '192528614'; Build Type 'Release'
OS: 'Windows 10  (10.0.19044) 64bit Professional' Language: 'en' Physical Memory: 32693 MB
BatchMode: 1, IsHumanControllingUs: 0, StartBugReporterOnCrash: 0, Is64bit: 1, IsPro: 0

COMMAND LINE ARGUMENTS:
C:\Program Files\Unity\Hub\Editor\2020.3.26f1\Editor\Unity.exe
-adb2
-batchMode
-noUpm
-name
AssetImportWorker0
-projectPath
D:/jamk/GameEngine1/GE1
-logFile
Logs/AssetImportWorker0.log
-srvPort
57230
Successfully changed project path to: D:/jamk/GameEngine1/GE1
D:/jamk/GameEngine1/GE1
Using Asset Import Pipeline V2.
Refreshing native plugins compatible for Editor in 35.04 ms, found 2 plugins.
Preloading 0 native plugins for Editor in 0.00 ms.
Initialize engine version: 2020.3.26f1 (7298b473bc1a)
[Subsystems] Discovering subsystems at path C:/Program Files/Unity/Hub/Editor/2020.3.26f1/Editor/Data/Resources/UnitySubsystems
[Subsystems] Discovering subsystems at path D:/jamk/GameEngine1/GE1/Assets
GfxDevice: creating device client; threaded=0
Direct3D:
    Version:  Direct3D 11.0 [level 11.1]
    Renderer: NVIDIA GeForce RTX 2060 (ID=0x1f08)
    Vendor:   
    VRAM:     5980 MB
    Driver:   30.0.14.9649
Initialize mono
Mono path[0] = 'C:/Program Files/Unity/Hub/Editor/2020.3.26f1/Editor/Data/Managed'
Mono path[1] = 'C:/Program Files/Unity/Hub/Editor/2020.3.26f1/Editor/Data/MonoBleedingEdge/lib/mono/unityjit'
Mono config path = 'C:/Program Files/Unity/Hub/Editor/2020.3.26f1/Editor/Data/MonoBleedingEdge/etc'
Using monoOptions --debugger-agent=transport=dt_socket,embedding=1,server=y,suspend=n,address=127.0.0.1:56872
Begin MonoManager ReloadAssembly
Registering precompiled unity dll's ...
Register platform support module: C:/Program Files/Unity/Hub/Editor/2020.3.26f1/Editor/Data/PlaybackEngines/WindowsStandaloneSupport/UnityEditor.WindowsStandalone.Extensions.dll
Registered in 0.002852 seconds.
Native extension for WindowsStandalone target not found
Refreshing native plugins compatible for Editor in 33.26 ms, found 2 plugins.
Preloading 0 native plugins for Editor in 0.00 ms.
Mono: successfully reloaded assembly
- Completed reload, in  0.520 seconds
Domain Reload Profiling:
	ReloadAssembly (520ms)
		BeginReloadAssembly (56ms)
			ExecutionOrderSort (0ms)
			DisableScriptedObjects (0ms)
			BackupInstance (0ms)
			ReleaseScriptingObjects (0ms)
			CreateAndSetChildDomain (1ms)
		EndReloadAssembly (388ms)
			LoadAssemblies (52ms)
			RebuildTransferFunctionScriptingTraits (0ms)
			SetupTypeCache (126ms)
			ReleaseScriptCaches (0ms)
			RebuildScriptCaches (27ms)
			SetupLoadedEditorAssemblies (143ms)
				LogAssemblyErrors (0ms)
				InitializePlatformSupportModulesInManaged (4ms)
				SetLoadedEditorAssemblies (0ms)
				RefreshPlugins (33ms)
				BeforeProcessingInitializeOnLoad (14ms)
				ProcessInitializeOnLoadAttributes (68ms)
				ProcessInitializeOnLoadMethodAttributes (23ms)
				AfterProcessingInitializeOnLoad (0ms)
				EditorAssembliesLoaded (0ms)
			ExecutionOrderSort2 (0ms)
			AwakeInstancesAfterBackupRestoration (0ms)
Platform modules already initialized, skipping
Registering precompiled user dll's ...
Registered in 0.006079 seconds.
Begin MonoManager ReloadAssembly
Native extension for WindowsStandalone target not found
Refreshing native plugins compatible for Editor in 0.45 ms, found 2 plugins.
Preloading 0 native plugins for Editor in 0.00 ms.
Mono: successfully reloaded assembly
- Completed reload, in  0.898 seconds
Domain Reload Profiling:
	ReloadAssembly (899ms)
		BeginReloadAssembly (136ms)
			ExecutionOrderSort (0ms)
			DisableScriptedObjects (4ms)
			BackupInstance (0ms)
			ReleaseScriptingObjects (0ms)
			CreateAndSetChildDomain (18ms)
		EndReloadAssembly (701ms)
			LoadAssemblies (84ms)
			RebuildTransferFunctionScriptingTraits (0ms)
			SetupTypeCache (231ms)
			ReleaseScriptCaches (0ms)
			RebuildScriptCaches (37ms)
			SetupLoadedEditorAssemblies (268ms)
				LogAssemblyErrors (0ms)
				InitializePlatformSupportModulesInManaged (4ms)
				SetLoadedEditorAssemblies (0ms)
				RefreshPlugins (0ms)
				BeforeProcessingInitializeOnLoad (76ms)
				ProcessInitializeOnLoadAttributes (167ms)
				ProcessInitializeOnLoadMethodAttributes (9ms)
				AfterProcessingInitializeOnLoad (12ms)
				EditorAssembliesLoaded (0ms)
			ExecutionOrderSort2 (0ms)
			AwakeInstancesAfterBackupRestoration (6ms)
Platform modules already initialized, skipping
========================================================================
Worker process is ready to serve import requests
Launched and connected shader compiler UnityShaderCompiler.exe after 0.05 seconds
Refreshing native plugins compatible for Editor in 0.43 ms, found 2 plugins.
Preloading 0 native plugins for Editor in 0.00 ms.
Unloading 1654 Unused Serialized files (Serialized files now loaded: 0)
System memory in use before: 104.1 MB.
System memory in use after: 103.8 MB.

Unloading 18 unused Assets to reduce memory usage. Loaded Objects now: 2117.
Total: 2.960100 ms (FindLiveObjects: 0.176200 ms CreateObjectMapping: 0.035500 ms MarkObjects: 2.462800 ms  DeleteObjects: 0.284800 ms)

AssetImportParameters requested are different than current active one (requested -> active):
  custom:framework-win-MediaFoundation: 216162199b28c13a410421893ffa2e32 -> 
  custom:video-decoder-ogg-theora: a1e56fd34408186e4bbccfd4996cb3dc -> 
  custom:container-muxer-webm: aa71ff27fc2769a1b78a27578f13a17b -> 
  custom:container-demuxer-webm: 4f35f7cbe854078d1ac9338744f61a02 -> 
  custom:container-demuxer-ogg: 62fdf1f143b41e24485cea50d1cbac27 -> 
  custom:video-encoder-webm-vp8: eb34c28f22e8b96e1ab97ce403110664 -> 
  custom:video-decoder-webm-vp8: 9c59270c3fd7afecdb556c50c9e8de78 -> 
  custom:audio-decoder-ogg-vorbis: bf7c407c2cedff20999df2af8eb42d56 -> 
  custom:audio-encoder-webm-vorbis: bf7c407c2cedff20999df2af8eb42d56 -> 
========================================================================
Received Import Request.
  path: Assets/Meshtint Free Chicken Mega Toon Series/Prefabs/Toon Chicken.prefab
  artifactKey: Guid(312b31977ed9b2d48a14849ebb8c7fb3) Importer(815301076,1909f56bfc062723c751e8b465ee728b)
Start importing Assets/Meshtint Free Chicken Mega Toon Series/Prefabs/Toon Chicken.prefab using Guid(312b31977ed9b2d48a14849ebb8c7fb3) Importer(815301076,1909f56bfc062723c751e8b465ee728b)  -> (artifact id: '2cb7d0094ee0d822a08d584943e128d3') in 0.119653 seconds 
  Import took 0.123324 seconds .

========================================================================
Received Import Request.
  Time since last request: 0.000243 seconds.
  path: Assets/Meshtint Free Chicken Mega Toon Series/Prefabs/Ground.prefab
  artifactKey: Guid(02fd4f45795807c469e76f06078fe76f) Importer(815301076,1909f56bfc062723c751e8b465ee728b)
Start importing Assets/Meshtint Free Chicken Mega Toon Series/Prefabs/Ground.prefab using Guid(02fd4f45795807c469e76f06078fe76f) Importer(815301076,1909f56bfc062723c751e8b465ee728b)  -> (artifact id: '366a8b93be8376383ce987d312914384') in 0.014770 seconds 
  Import took 0.017279 seconds .

========================================================================
Received Import Request.
  Time since last request: 0.000228 seconds.
  path: Assets/Meshtint Free Chicken Mega Toon Series/Prefabs
  artifactKey: Guid(ffc67ce76c3eadc4790087f804e23bb0) Importer(815301076,1909f56bfc062723c751e8b465ee728b)
Start importing Assets/Meshtint Free Chicken Mega Toon Series/Prefabs using Guid(ffc67ce76c3eadc4790087f804e23bb0) Importer(815301076,1909f56bfc062723c751e8b465ee728b)  -> (artifact id: '5aa44e27d4777f47c9b604f65ac79311') in 0.022192 seconds 
  Import took 0.024623 seconds .

========================================================================
Received Import Request.
  Time since last request: 0.000230 seconds.
  path: Assets/Meshtint Free Chicken Mega Toon Series/Prefabs/Grass.prefab
  artifactKey: Guid(10fd3a2d8f546df4f8af19c411a0f42e) Importer(815301076,1909f56bfc062723c751e8b465ee728b)
Start importing Assets/Meshtint Free Chicken Mega Toon Series/Prefabs/Grass.prefab using Guid(10fd3a2d8f546df4f8af19c411a0f42e) Importer(815301076,1909f56bfc062723c751e8b465ee728b)  -> (artifact id: '1ed5ece9eded711f1f7280cb98687d39') in 0.011893 seconds 
  Import took 0.014614 seconds .

========================================================================
Received Prepare
Registering precompiled user dll's ...
Registered in 0.006340 seconds.
Begin MonoManager ReloadAssembly
Native extension for WindowsStandalone target not found
Refreshing native plugins compatible for Editor in 0.46 ms, found 2 plugins.
Preloading 0 native plugins for Editor in 0.00 ms.
Mono: successfully reloaded assembly
- Completed reload, in  0.874 seconds
Domain Reload Profiling:
	ReloadAssembly (875ms)
		BeginReloadAssembly (117ms)
			ExecutionOrderSort (0ms)
			DisableScriptedObjects (4ms)
			BackupInstance (0ms)
			ReleaseScriptingObjects (0ms)
			CreateAndSetChildDomain (29ms)
		EndReloadAssembly (690ms)
			LoadAssemblies (85ms)
			RebuildTransferFunctionScriptingTraits (0ms)
			SetupTypeCache (223ms)
			ReleaseScriptCaches (1ms)
			RebuildScriptCaches (35ms)
			SetupLoadedEditorAssemblies (256ms)
				LogAssemblyErrors (0ms)
				InitializePlatformSupportModulesInManaged (4ms)
				SetLoadedEditorAssemblies (0ms)
				RefreshPlugins (1ms)
				BeforeProcessingInitializeOnLoad (74ms)
				ProcessInitializeOnLoadAttributes (156ms)
				ProcessInitializeOnLoadMethodAttributes (7ms)
				AfterProcessingInitializeOnLoad (14ms)
				EditorAssembliesLoaded (0ms)
			ExecutionOrderSort2 (0ms)
			AwakeInstancesAfterBackupRestoration (6ms)
Platform modules already initialized, skipping
Refreshing native plugins compatible for Editor in 0.56 ms, found 2 plugins.
Preloading 0 native plugins for Editor in 0.00 ms.
Unloading 1575 Unused Serialized files (Serialized files now loaded: 0)
System memory in use before: 113.3 MB.
System memory in use after: 113.1 MB.

Unloading 13 unused Assets to reduce memory usage. Loaded Objects now: 2129.
Total: 3.436200 ms (FindLiveObjects: 0.182100 ms CreateObjectMapping: 0.038100 ms MarkObjects: 2.902000 ms  DeleteObjects: 0.312600 ms)

AssetImportParameters requested are different than current active one (requested -> active):
  custom:framework-win-MediaFoundation: 216162199b28c13a410421893ffa2e32 -> 
  custom:video-decoder-ogg-theora: a1e56fd34408186e4bbccfd4996cb3dc -> 
  custom:container-muxer-webm: aa71ff27fc2769a1b78a27578f13a17b -> 
  custom:container-demuxer-webm: 4f35f7cbe854078d1ac9338744f61a02 -> 
  custom:container-demuxer-ogg: 62fdf1f143b41e24485cea50d1cbac27 -> 
  custom:video-encoder-webm-vp8: eb34c28f22e8b96e1ab97ce403110664 -> 
  custom:video-decoder-webm-vp8: 9c59270c3fd7afecdb556c50c9e8de78 -> 
  custom:audio-decoder-ogg-vorbis: bf7c407c2cedff20999df2af8eb42d56 -> 
  custom:audio-encoder-webm-vorbis: bf7c407c2cedff20999df2af8eb42d56 -> 
========================================================================
Received Prepare
Registering precompiled user dll's ...
Registered in 0.005554 seconds.
Begin MonoManager ReloadAssembly
Native extension for WindowsStandalone target not found
Refreshing native plugins compatible for Editor in 0.45 ms, found 2 plugins.
Preloading 0 native plugins for Editor in 0.00 ms.
Mono: successfully reloaded assembly
- Completed reload, in  0.827 seconds
Domain Reload Profiling:
	ReloadAssembly (827ms)
		BeginReloadAssembly (102ms)
			ExecutionOrderSort (0ms)
			DisableScriptedObjects (4ms)
			BackupInstance (0ms)
			ReleaseScriptingObjects (0ms)
			CreateAndSetChildDomain (27ms)
		EndReloadAssembly (662ms)
			LoadAssemblies (84ms)
			RebuildTransferFunctionScriptingTraits (0ms)
			SetupTypeCache (221ms)
			ReleaseScriptCaches (1ms)
			RebuildScriptCaches (32ms)
			SetupLoadedEditorAssemblies (247ms)
				LogAssemblyErrors (0ms)
				InitializePlatformSupportModulesInManaged (4ms)
				SetLoadedEditorAssemblies (1ms)
				RefreshPlugins (0ms)
				BeforeProcessingInitializeOnLoad (72ms)
				ProcessInitializeOnLoadAttributes (152ms)
				ProcessInitializeOnLoadMethodAttributes (8ms)
				AfterProcessingInitializeOnLoad (11ms)
				EditorAssembliesLoaded (0ms)
			ExecutionOrderSort2 (0ms)
			AwakeInstancesAfterBackupRestoration (5ms)
Platform modules already initialized, skipping
Refreshing native plugins compatible for Editor in 0.45 ms, found 2 plugins.
Preloading 0 native plugins for Editor in 0.00 ms.
Unloading 1575 Unused Serialized files (Serialized files now loaded: 0)
System memory in use before: 113.4 MB.
System memory in use after: 113.1 MB.

Unloading 13 unused Assets to reduce memory usage. Loaded Objects now: 2131.
Total: 3.108100 ms (FindLiveObjects: 0.156300 ms CreateObjectMapping: 0.038400 ms MarkObjects: 2.616700 ms  DeleteObjects: 0.295600 ms)

AssetImportParameters requested are different than current active one (requested -> active):
  custom:framework-win-MediaFoundation: 216162199b28c13a410421893ffa2e32 -> 
  custom:video-decoder-ogg-theora: a1e56fd34408186e4bbccfd4996cb3dc -> 
  custom:container-muxer-webm: aa71ff27fc2769a1b78a27578f13a17b -> 
  custom:container-demuxer-webm: 4f35f7cbe854078d1ac9338744f61a02 -> 
  custom:container-demuxer-ogg: 62fdf1f143b41e24485cea50d1cbac27 -> 
  custom:video-encoder-webm-vp8: eb34c28f22e8b96e1ab97ce403110664 -> 
  custom:video-decoder-webm-vp8: 9c59270c3fd7afecdb556c50c9e8de78 -> 
  custom:audio-decoder-ogg-vorbis: bf7c407c2cedff20999df2af8eb42d56 -> 
  custom:audio-encoder-webm-vorbis: bf7c407c2cedff20999df2af8eb42d56 -> 
========================================================================
Received Prepare
Registering precompiled user dll's ...
Registered in 0.005850 seconds.
Begin MonoManager ReloadAssembly
Native extension for WindowsStandalone target not found
Refreshing native plugins compatible for Editor in 0.47 ms, found 2 plugins.
Preloading 0 native plugins for Editor in 0.00 ms.
Mono: successfully reloaded assembly
- Completed reload, in  0.855 seconds
Domain Reload Profiling:
	ReloadAssembly (856ms)
		BeginReloadAssembly (112ms)
			ExecutionOrderSort (0ms)
			DisableScriptedObjects (4ms)
			BackupInstance (0ms)
			ReleaseScriptingObjects (0ms)
			CreateAndSetChildDomain (28ms)
		EndReloadAssembly (675ms)
			LoadAssemblies (89ms)
			RebuildTransferFunctionScriptingTraits (0ms)
			SetupTypeCache (226ms)
			ReleaseScriptCaches (1ms)
			RebuildScriptCaches (32ms)
			SetupLoadedEditorAssemblies (246ms)
				LogAssemblyErrors (0ms)
				InitializePlatformSupportModulesInManaged (4ms)
				SetLoadedEditorAssemblies (1ms)
				RefreshPlugins (1ms)
				BeforeProcessingInitializeOnLoad (71ms)
				ProcessInitializeOnLoadAttributes (151ms)
				ProcessInitializeOnLoadMethodAttributes (7ms)
				AfterProcessingInitializeOnLoad (11ms)
				EditorAssembliesLoaded (0ms)
			ExecutionOrderSort2 (0ms)
			AwakeInstancesAfterBackupRestoration (5ms)
Platform modules already initialized, skipping
Refreshing native plugins compatible for Editor in 0.46 ms, found 2 plugins.
Preloading 0 native plugins for Editor in 0.00 ms.
Unloading 1575 Unused Serialized files (Serialized files now loaded: 0)
System memory in use before: 113.4 MB.
System memory in use after: 113.1 MB.

Unloading 13 unused Assets to reduce memory usage. Loaded Objects now: 2133.
Total: 2.990800 ms (FindLiveObjects: 0.196700 ms CreateObjectMapping: 0.036400 ms MarkObjects: 2.420900 ms  DeleteObjects: 0.335900 ms)

AssetImportParameters requested are different than current active one (requested -> active):
  custom:framework-win-MediaFoundation: 216162199b28c13a410421893ffa2e32 -> 
  custom:video-decoder-ogg-theora: a1e56fd34408186e4bbccfd4996cb3dc -> 
  custom:container-muxer-webm: aa71ff27fc2769a1b78a27578f13a17b -> 
  custom:container-demuxer-webm: 4f35f7cbe854078d1ac9338744f61a02 -> 
  custom:container-demuxer-ogg: 62fdf1f143b41e24485cea50d1cbac27 -> 
  custom:video-encoder-webm-vp8: eb34c28f22e8b96e1ab97ce403110664 -> 
  custom:video-decoder-webm-vp8: 9c59270c3fd7afecdb556c50c9e8de78 -> 
  custom:audio-decoder-ogg-vorbis: bf7c407c2cedff20999df2af8eb42d56 -> 
  custom:audio-encoder-webm-vorbis: bf7c407c2cedff20999df2af8eb42d56 -> 
========================================================================
Received Import Request.
  Time since last request: 1633.731174 seconds.
  path: Assets/Meshtint Free Chicken Mega Toon Series/PPP/Chicken.asset
  artifactKey: Guid(49a324a3a99f02844aadd9426055fee7) Importer(815301076,1909f56bfc062723c751e8b465ee728b)
Start importing Assets/Meshtint Free Chicken Mega Toon Series/PPP/Chicken.asset using Guid(49a324a3a99f02844aadd9426055fee7) Importer(815301076,1909f56bfc062723c751e8b465ee728b)  -> (artifact id: 'a2eea4e6c5662973c6582457735199cc') in 0.040569 seconds 
  Import took 0.043573 seconds .

========================================================================
Received Prepare
Registering precompiled user dll's ...
Registered in 0.005909 seconds.
Begin MonoManager ReloadAssembly
Native extension for WindowsStandalone target not found
Refreshing native plugins compatible for Editor in 0.53 ms, found 2 plugins.
Preloading 0 native plugins for Editor in 0.00 ms.
Mono: successfully reloaded assembly
- Completed reload, in  0.905 seconds
Domain Reload Profiling:
	ReloadAssembly (906ms)
		BeginReloadAssembly (115ms)
			ExecutionOrderSort (0ms)
			DisableScriptedObjects (4ms)
			BackupInstance (0ms)
			ReleaseScriptingObjects (0ms)
			CreateAndSetChildDomain (29ms)
		EndReloadAssembly (722ms)
			LoadAssemblies (89ms)
			RebuildTransferFunctionScriptingTraits (0ms)
			SetupTypeCache (237ms)
			ReleaseScriptCaches (1ms)
			RebuildScriptCaches (35ms)
			SetupLoadedEditorAssemblies (269ms)
				LogAssemblyErrors (0ms)
				InitializePlatformSupportModulesInManaged (4ms)
				SetLoadedEditorAssemblies (0ms)
				RefreshPlugins (1ms)
				BeforeProcessingInitializeOnLoad (75ms)
				ProcessInitializeOnLoadAttributes (171ms)
				ProcessInitializeOnLoadMethodAttributes (8ms)
				AfterProcessingInitializeOnLoad (11ms)
				EditorAssembliesLoaded (0ms)
			ExecutionOrderSort2 (0ms)
			AwakeInstancesAfterBackupRestoration (5ms)
Platform modules already initialized, skipping
Refreshing native plugins compatible for Editor in 0.75 ms, found 2 plugins.
Preloading 0 native plugins for Editor in 0.00 ms.
Unloading 1575 Unused Serialized files (Serialized files now loaded: 0)
System memory in use before: 113.4 MB.
System memory in use after: 113.1 MB.

Unloading 13 unused Assets to reduce memory usage. Loaded Objects now: 2135.
Total: 3.090200 ms (FindLiveObjects: 0.203200 ms CreateObjectMapping: 0.041500 ms MarkObjects: 2.480400 ms  DeleteObjects: 0.364000 ms)

AssetImportParameters requested are different than current active one (requested -> active):
  custom:framework-win-MediaFoundation: 216162199b28c13a410421893ffa2e32 -> 
  custom:video-decoder-ogg-theora: a1e56fd34408186e4bbccfd4996cb3dc -> 
  custom:container-muxer-webm: aa71ff27fc2769a1b78a27578f13a17b -> 
  custom:container-demuxer-webm: 4f35f7cbe854078d1ac9338744f61a02 -> 
  custom:container-demuxer-ogg: 62fdf1f143b41e24485cea50d1cbac27 -> 
  custom:video-encoder-webm-vp8: eb34c28f22e8b96e1ab97ce403110664 -> 
  custom:video-decoder-webm-vp8: 9c59270c3fd7afecdb556c50c9e8de78 -> 
  custom:audio-decoder-ogg-vorbis: bf7c407c2cedff20999df2af8eb42d56 -> 
  custom:audio-encoder-webm-vorbis: bf7c407c2cedff20999df2af8eb42d56 -> 
========================================================================
Received Import Request.
  Time since last request: 867.039870 seconds.
  path: Assets/NatureStarterKit2/Nature
  artifactKey: Guid(021c6f6f5587fce4fa4829fa5ddc3bba) Importer(815301076,1909f56bfc062723c751e8b465ee728b)
Start importing Assets/NatureStarterKit2/Nature using Guid(021c6f6f5587fce4fa4829fa5ddc3bba) Importer(815301076,1909f56bfc062723c751e8b465ee728b)  -> (artifact id: '95a061fcf6e62daa8ebcf417ed2c55d6') in 0.009294 seconds 
  Import took 0.012714 seconds .

========================================================================
Received Import Request.
  Time since last request: 9.445364 seconds.
  path: Assets/Waldemarst/JapaneseGardenPackage
  artifactKey: Guid(699b139d106114f24ad4b1e7be5035ab) Importer(815301076,1909f56bfc062723c751e8b465ee728b)
Start importing Assets/Waldemarst/JapaneseGardenPackage using Guid(699b139d106114f24ad4b1e7be5035ab) Importer(815301076,1909f56bfc062723c751e8b465ee728b)  -> (artifact id: '909b22f20d69680acb0e1184da15720c') in 0.005864 seconds 
  Import took 0.008778 seconds .

========================================================================
Received Import Request.
  Time since last request: 0.098855 seconds.
  path: Assets/Waldemarst/JapaneseGardenPackage/BroccoliJapaneseGardenTerrain.asset
  artifactKey: Guid(f5cd09a9bbdc8cb59ad62cb51fb8dcd1) Importer(815301076,1909f56bfc062723c751e8b465ee728b)
Start importing Assets/Waldemarst/JapaneseGardenPackage/BroccoliJapaneseGardenTerrain.asset using Guid(f5cd09a9bbdc8cb59ad62cb51fb8dcd1) Importer(815301076,1909f56bfc062723c751e8b465ee728b)  -> (artifact id: 'bd4cda850be34836526a6994b3bdfa2b') in 0.082959 seconds 
  Import took 0.227176 seconds .

========================================================================
Received Import Request.
  Time since last request: 3.071633 seconds.
  path: Assets/Waldemarst/JapaneseGardenPackage/Prefabs
  artifactKey: Guid(797a1e04bbc5e4b59a710049e4f94390) Importer(815301076,1909f56bfc062723c751e8b465ee728b)
Start importing Assets/Waldemarst/JapaneseGardenPackage/Prefabs using Guid(797a1e04bbc5e4b59a710049e4f94390) Importer(815301076,1909f56bfc062723c751e8b465ee728b)  -> (artifact id: '211d43e1786489462fedcd7951074115') in 0.002892 seconds 
  Import took 0.005855 seconds .

========================================================================
Received Import Request.
  Time since last request: 0.195552 seconds.
  path: Assets/Waldemarst/JapaneseGardenPackage/Prefabs/BlackPineTree_A.prefab
  artifactKey: Guid(411d79dbbe4633332bf08419508ecdd1) Importer(815301076,1909f56bfc062723c751e8b465ee728b)
Start importing Assets/Waldemarst/JapaneseGardenPackage/Prefabs/BlackPineTree_A.prefab using Guid(411d79dbbe4633332bf08419508ecdd1) Importer(815301076,1909f56bfc062723c751e8b465ee728b)  -> (artifact id: '1108e3b4e7bcb405203902031a4a7127') in 1.028312 seconds 
  Import took 1.031180 seconds .

========================================================================
Received Import Request.
  Time since last request: 0.000207 seconds.
  path: Assets/Waldemarst/JapaneseGardenPackage/Prefabs/JapaneseMapleTree_D.prefab
  artifactKey: Guid(5c8f8dde9e3fb58dda8f56008939d4fd) Importer(815301076,1909f56bfc062723c751e8b465ee728b)
Start importing Assets/Waldemarst/JapaneseGardenPackage/Prefabs/JapaneseMapleTree_D.prefab using Guid(5c8f8dde9e3fb58dda8f56008939d4fd) Importer(815301076,1909f56bfc062723c751e8b465ee728b)  -> (artifact id: '01fa23819c0409ff524b0aa3c970aeaa') in 0.057164 seconds 
  Import took 0.059699 seconds .

========================================================================
Received Import Request.
  Time since last request: 0.000220 seconds.
  path: Assets/Waldemarst/JapaneseGardenPackage/Prefabs/torii.obj
  artifactKey: Guid(bc9773c775d98153b91b9a7c25ecccab) Importer(815301076,1909f56bfc062723c751e8b465ee728b)
Start importing Assets/Waldemarst/JapaneseGardenPackage/Prefabs/torii.obj using Guid(bc9773c775d98153b91b9a7c25ecccab) Importer(815301076,1909f56bfc062723c751e8b465ee728b)  -> (artifact id: '8c4f598bfe3a1dbbee424612fafbaabf') in 0.086739 seconds 
  Import took 0.089470 seconds .

========================================================================
Received Import Request.
  Time since last request: 0.000180 seconds.
  path: Assets/Waldemarst/JapaneseGardenPackage/Prefabs/SakuraTree_E.prefab
  artifactKey: Guid(f6208658c4d45bf5c944dd7806489932) Importer(815301076,1909f56bfc062723c751e8b465ee728b)
Start importing Assets/Waldemarst/JapaneseGardenPackage/Prefabs/SakuraTree_E.prefab using Guid(f6208658c4d45bf5c944dd7806489932) Importer(815301076,1909f56bfc062723c751e8b465ee728b)  -> (artifact id: 'bd45016b5b2cfae5cda8a292dbb7316c') in 0.061779 seconds 
  Import took 0.064597 seconds .

========================================================================
Received Import Request.
  Time since last request: 0.000230 seconds.
  path: Assets/Waldemarst/JapaneseGardenPackage/Prefabs/rock_01.obj
  artifactKey: Guid(7284febd6dd8c0ea88cdde6f21213107) Importer(815301076,1909f56bfc062723c751e8b465ee728b)
Start importing Assets/Waldemarst/JapaneseGardenPackage/Prefabs/rock_01.obj using Guid(7284febd6dd8c0ea88cdde6f21213107) Importer(815301076,1909f56bfc062723c751e8b465ee728b)  -> (artifact id: '6164e6f3dd91d04b1a70608c94b0a282') in 0.034326 seconds 
  Import took 0.036953 seconds .

========================================================================
Received Import Request.
  Time since last request: 0.000206 seconds.
  path: Assets/Waldemarst/JapaneseGardenPackage/Prefabs/rock_02.obj
  artifactKey: Guid(89ede9256fbfe8d70b1fdbe58d46b263) Importer(815301076,1909f56bfc062723c751e8b465ee728b)
Start importing Assets/Waldemarst/JapaneseGardenPackage/Prefabs/rock_02.obj using Guid(89ede9256fbfe8d70b1fdbe58d46b263) Importer(815301076,1909f56bfc062723c751e8b465ee728b)  -> (artifact id: 'ae1234b951f13ba69cc2035c9c693aff') in 0.037946 seconds 
  Import took 0.040321 seconds .

========================================================================
Received Import Request.
  Time since last request: 0.000216 seconds.
  path: Assets/Waldemarst/JapaneseGardenPackage/Prefabs/SakuraTree_D.prefab
  artifactKey: Guid(261441bc3708ec7aa8a2c288c3fab3ef) Importer(815301076,1909f56bfc062723c751e8b465ee728b)
Start importing Assets/Waldemarst/JapaneseGardenPackage/Prefabs/SakuraTree_D.prefab using Guid(261441bc3708ec7aa8a2c288c3fab3ef) Importer(815301076,1909f56bfc062723c751e8b465ee728b)  -> (artifact id: 'abd7132e4802ae0f739dd894faf14d59') in 0.053850 seconds 
  Import took 0.056401 seconds .

========================================================================
Received Import Request.
  Time since last request: 0.000211 seconds.
  path: Assets/Waldemarst/JapaneseGardenPackage/Prefabs/SakuraTree_B.prefab
  artifactKey: Guid(488c1b23b5470bb4986ad7d362420766) Importer(815301076,1909f56bfc062723c751e8b465ee728b)
Start importing Assets/Waldemarst/JapaneseGardenPackage/Prefabs/SakuraTree_B.prefab using Guid(488c1b23b5470bb4986ad7d362420766) Importer(815301076,1909f56bfc062723c751e8b465ee728b)  -> (artifact id: '45c9914e2e2c653beff96bb12e4d307a') in 0.049027 seconds 
  Import took 0.051678 seconds .

========================================================================
Received Import Request.
  Time since last request: 0.000218 seconds.
  path: Assets/Waldemarst/JapaneseGardenPackage/Prefabs/BlackPineTree_E.prefab
  artifactKey: Guid(783170933d5c442f2a2ab32f0fb0502a) Importer(815301076,1909f56bfc062723c751e8b465ee728b)
Start importing Assets/Waldemarst/JapaneseGardenPackage/Prefabs/BlackPineTree_E.prefab using Guid(783170933d5c442f2a2ab32f0fb0502a) Importer(815301076,1909f56bfc062723c751e8b465ee728b)  -> (artifact id: '217c91c58ff3d4b2833de54ffb4ec7b9') in 0.050919 seconds 
  Import took 0.053662 seconds .

========================================================================
Received Import Request.
  Time since last request: 0.000216 seconds.
  path: Assets/Waldemarst/JapaneseGardenPackage/Prefabs/JapaneseMapleTree_B.prefab
  artifactKey: Guid(9aaafd7584909db6aae1b9e564dc5ef3) Importer(815301076,1909f56bfc062723c751e8b465ee728b)
Start importing Assets/Waldemarst/JapaneseGardenPackage/Prefabs/JapaneseMapleTree_B.prefab using Guid(9aaafd7584909db6aae1b9e564dc5ef3) Importer(815301076,1909f56bfc062723c751e8b465ee728b)  -> (artifact id: '978ce300170bbfe358624faaac4818a5') in 0.045333 seconds 
  Import took 0.048143 seconds .

========================================================================
Received Import Request.
  Time since last request: 0.000213 seconds.
  path: Assets/Waldemarst/JapaneseGardenPackage/Prefabs/SakuraTree_C.prefab
  artifactKey: Guid(67d3abe897c93a08e9593b0a183f2bb4) Importer(815301076,1909f56bfc062723c751e8b465ee728b)
Start importing Assets/Waldemarst/JapaneseGardenPackage/Prefabs/SakuraTree_C.prefab using Guid(67d3abe897c93a08e9593b0a183f2bb4) Importer(815301076,1909f56bfc062723c751e8b465ee728b)  -> (artifact id: 'b2aea254d96cb32477dd36bf32ac4327') in 0.233789 seconds 
  Import took 0.251049 seconds .

========================================================================
Received Import Request.
  Time since last request: 0.000232 seconds.
  path: Assets/Waldemarst/JapaneseGardenPackage/Prefabs/SakuraTree_F.prefab
  artifactKey: Guid(9d642dd3a2ff904da90e9417ae5cddec) Importer(815301076,1909f56bfc062723c751e8b465ee728b)
Start importing Assets/Waldemarst/JapaneseGardenPackage/Prefabs/SakuraTree_F.prefab using Guid(9d642dd3a2ff904da90e9417ae5cddec) Importer(815301076,1909f56bfc062723c751e8b465ee728b)  -> (artifact id: '10716ec43bf1876b2fc5a830650be08b') in 0.047128 seconds 
  Import took 0.049577 seconds .

========================================================================
Received Import Request.
  Time since last request: 0.000225 seconds.
  path: Assets/Waldemarst/JapaneseGardenPackage/Prefabs/JapaneseMapleTree_C.prefab
  artifactKey: Guid(eba8e66cbe98e874f97ecf77638129b2) Importer(815301076,1909f56bfc062723c751e8b465ee728b)
Start importing Assets/Waldemarst/JapaneseGardenPackage/Prefabs/JapaneseMapleTree_C.prefab using Guid(eba8e66cbe98e874f97ecf77638129b2) Importer(815301076,1909f56bfc062723c751e8b465ee728b)  -> (artifact id: 'c1627b92f72880c24c1a3cef4f952faf') in 0.049802 seconds 
  Import took 0.052487 seconds .

========================================================================
Received Import Request.
  Time since last request: 0.000193 seconds.
  path: Assets/Waldemarst/JapaneseGardenPackage/Prefabs/BlackPineTree_C.prefab
  artifactKey: Guid(23af1a39b0c5720b898eb5eefad5a1b7) Importer(815301076,1909f56bfc062723c751e8b465ee728b)
Start importing Assets/Waldemarst/JapaneseGardenPackage/Prefabs/BlackPineTree_C.prefab using Guid(23af1a39b0c5720b898eb5eefad5a1b7) Importer(815301076,1909f56bfc062723c751e8b465ee728b)  -> (artifact id: '99de3853ac37b409f22964b309b28e52') in 0.058369 seconds 
  Import took 0.063077 seconds .

========================================================================
Received Import Request.
  Time since last request: 0.000222 seconds.
  path: Assets/Waldemarst/JapaneseGardenPackage/Prefabs/JapaneseMapleTree_A.prefab
  artifactKey: Guid(6e92187b7f5500614b9ca0ab3b1812a0) Importer(815301076,1909f56bfc062723c751e8b465ee728b)
Start importing Assets/Waldemarst/JapaneseGardenPackage/Prefabs/JapaneseMapleTree_A.prefab using Guid(6e92187b7f5500614b9ca0ab3b1812a0) Importer(815301076,1909f56bfc062723c751e8b465ee728b)  -> (artifact id: '2fa0ff149d2e2837e8b9589dd79d2610') in 0.054040 seconds 
  Import took 0.057353 seconds .

========================================================================
Received Import Request.
  Time since last request: 0.000231 seconds.
  path: Assets/Waldemarst/JapaneseGardenPackage/Prefabs/BlackPineTree_B.prefab
  artifactKey: Guid(6a8478d973ae3ac75a084871ef5cbffb) Importer(815301076,1909f56bfc062723c751e8b465ee728b)
Start importing Assets/Waldemarst/JapaneseGardenPackage/Prefabs/BlackPineTree_B.prefab using Guid(6a8478d973ae3ac75a084871ef5cbffb) Importer(815301076,1909f56bfc062723c751e8b465ee728b)  -> (artifact id: '32743f1efa58c21a9ddb8132fc324ceb') in 0.052989 seconds 
  Import took 0.055803 seconds .

========================================================================
Received Import Request.
  Time since last request: 0.000202 seconds.
  path: Assets/Waldemarst/JapaneseGardenPackage/Prefabs/BlackPineTree_D.prefab
  artifactKey: Guid(18ea0683a7392d274905c95e8ec4544b) Importer(815301076,1909f56bfc062723c751e8b465ee728b)
Start importing Assets/Waldemarst/JapaneseGardenPackage/Prefabs/BlackPineTree_D.prefab using Guid(18ea0683a7392d274905c95e8ec4544b) Importer(815301076,1909f56bfc062723c751e8b465ee728b)  -> (artifact id: '3e5b6cf9240c7bd1586b579da5acb10f') in 0.043655 seconds 
  Import took 0.046625 seconds .

========================================================================
Received Import Request.
  Time since last request: 0.000220 seconds.
  path: Assets/Waldemarst/JapaneseGardenPackage/Prefabs/SakuraTree_A.prefab
  artifactKey: Guid(1d346702b2107531e939003fb256261b) Importer(815301076,1909f56bfc062723c751e8b465ee728b)
Start importing Assets/Waldemarst/JapaneseGardenPackage/Prefabs/SakuraTree_A.prefab using Guid(1d346702b2107531e939003fb256261b) Importer(815301076,1909f56bfc062723c751e8b465ee728b)  -> (artifact id: '5054081b4ac8dd9dba1947e745292320') in 0.042649 seconds 
  Import took 0.045382 seconds .

========================================================================
Received Import Request.
  Time since last request: 70.282617 seconds.
  path: Assets/Waldemarst/JapaneseGardenPackage/Prefabs/JapaneseMapleTree_A_Textures
  artifactKey: Guid(84049d113118b02bc94e76337694a99f) Importer(815301076,1909f56bfc062723c751e8b465ee728b)
Start importing Assets/Waldemarst/JapaneseGardenPackage/Prefabs/JapaneseMapleTree_A_Textures using Guid(84049d113118b02bc94e76337694a99f) Importer(815301076,1909f56bfc062723c751e8b465ee728b)  -> (artifact id: '95ca6acd8a6f025017f561acdd5a366c') in 0.006239 seconds 
  Import took 0.009355 seconds .

========================================================================
Received Import Request.
  Time since last request: 0.100655 seconds.
  path: Assets/Waldemarst/JapaneseGardenPackage/Prefabs/JapaneseMapleTree_A_Textures/atlas.png
  artifactKey: Guid(32de45226610d2cdb8e12510b64bff99) Importer(815301076,1909f56bfc062723c751e8b465ee728b)
Start importing Assets/Waldemarst/JapaneseGardenPackage/Prefabs/JapaneseMapleTree_A_Textures/atlas.png using Guid(32de45226610d2cdb8e12510b64bff99) Importer(815301076,1909f56bfc062723c751e8b465ee728b)  -> (artifact id: '33109ce927c85a9292b11f7ff024fa60') in 0.032237 seconds 
  Import took 0.035165 seconds .

========================================================================
Received Import Request.
  Time since last request: 0.000222 seconds.
  path: Assets/Waldemarst/JapaneseGardenPackage/Prefabs/JapaneseMapleTree_A_Textures/bark.png
  artifactKey: Guid(9df63ace9905f07c6938cc3ae22018a4) Importer(815301076,1909f56bfc062723c751e8b465ee728b)
Start importing Assets/Waldemarst/JapaneseGardenPackage/Prefabs/JapaneseMapleTree_A_Textures/bark.png using Guid(9df63ace9905f07c6938cc3ae22018a4) Importer(815301076,1909f56bfc062723c751e8b465ee728b)  -> (artifact id: '60b05cf5cafbc88d47052a9dd5a8802c') in 0.011390 seconds 
  Import took 0.014258 seconds .

========================================================================
Received Import Request.
  Time since last request: 0.000257 seconds.
  path: Assets/Waldemarst/JapaneseGardenPackage/Prefabs/JapaneseMapleTree_A_Textures/shadow.png
  artifactKey: Guid(3f24ddbacc493d1879839d6356bc7714) Importer(815301076,1909f56bfc062723c751e8b465ee728b)
Start importing Assets/Waldemarst/JapaneseGardenPackage/Prefabs/JapaneseMapleTree_A_Textures/shadow.png using Guid(3f24ddbacc493d1879839d6356bc7714) Importer(815301076,1909f56bfc062723c751e8b465ee728b)  -> (artifact id: '4c41b042721d6dcb988418154abaec5e') in 0.010412 seconds 
  Import took 0.013231 seconds .

========================================================================
Received Import Request.
  Time since last request: 0.000211 seconds.
  path: Assets/Waldemarst/JapaneseGardenPackage/Prefabs/JapaneseMapleTree_A_Textures/billboard_normal.png
  artifactKey: Guid(36d822a95a88b1b679cb148a20fbf89b) Importer(815301076,1909f56bfc062723c751e8b465ee728b)
Start importing Assets/Waldemarst/JapaneseGardenPackage/Prefabs/JapaneseMapleTree_A_Textures/billboard_normal.png using Guid(36d822a95a88b1b679cb148a20fbf89b) Importer(815301076,1909f56bfc062723c751e8b465ee728b)  -> (artifact id: 'a6581c7b7f315fc576de071f3f303260') in 0.013612 seconds 
  Import took 0.016089 seconds .

========================================================================
Received Import Request.
  Time since last request: 0.000209 seconds.
  path: Assets/Waldemarst/JapaneseGardenPackage/Prefabs/JapaneseMapleTree_A_Textures/translucency_gloss.png
  artifactKey: Guid(5b39d8ca8358a6068a2a8fe164b1df28) Importer(815301076,1909f56bfc062723c751e8b465ee728b)
Start importing Assets/Waldemarst/JapaneseGardenPackage/Prefabs/JapaneseMapleTree_A_Textures/translucency_gloss.png using Guid(5b39d8ca8358a6068a2a8fe164b1df28) Importer(815301076,1909f56bfc062723c751e8b465ee728b)  -> (artifact id: '820f40dcd047954f76beefcaf0d0964d') in 0.010388 seconds 
  Import took 0.013199 seconds .

========================================================================
Received Import Request.
  Time since last request: 0.000211 seconds.
  path: Assets/Waldemarst/JapaneseGardenPackage/Prefabs/JapaneseMapleTree_A_Textures/normal_atlas.png
  artifactKey: Guid(628e702912bc5e5e982b7ddae0825dff) Importer(815301076,1909f56bfc062723c751e8b465ee728b)
Start importing Assets/Waldemarst/JapaneseGardenPackage/Prefabs/JapaneseMapleTree_A_Textures/normal_atlas.png using Guid(628e702912bc5e5e982b7ddae0825dff) Importer(815301076,1909f56bfc062723c751e8b465ee728b)  -> (artifact id: '21b0e39b670cf1c27c4022ab191c3d3b') in 0.011643 seconds 
  Import took 0.014223 seconds .

========================================================================
Received Import Request.
  Time since last request: 0.000220 seconds.
  path: Assets/Waldemarst/JapaneseGardenPackage/Prefabs/JapaneseMapleTree_A_Textures/billboard.png
  artifactKey: Guid(953f471538c4109b8aa0c3adc9386da4) Importer(815301076,1909f56bfc062723c751e8b465ee728b)
Start importing Assets/Waldemarst/JapaneseGardenPackage/Prefabs/JapaneseMapleTree_A_Textures/billboard.png using Guid(953f471538c4109b8aa0c3adc9386da4) Importer(815301076,1909f56bfc062723c751e8b465ee728b)  -> (artifact id: '563827f2c17b6933c9159526f78ccfef') in 0.014198 seconds 
  Import took 0.017034 seconds .

========================================================================
Received Import Request.
  Time since last request: 5.865218 seconds.
  path: Assets/Waldemarst/JapaneseGardenPackage/Pipelines
  artifactKey: Guid(d6ab9c7d34fac40bebdfeb132038c6d8) Importer(815301076,1909f56bfc062723c751e8b465ee728b)
Start importing Assets/Waldemarst/JapaneseGardenPackage/Pipelines using Guid(d6ab9c7d34fac40bebdfeb132038c6d8) Importer(815301076,1909f56bfc062723c751e8b465ee728b)  -> (artifact id: '2a733612576a14fa00f8aac14b524946') in 0.007607 seconds 
  Import took 0.010566 seconds .

========================================================================
Received Import Request.
  Time since last request: 0.261936 seconds.
  path: Assets/Waldemarst/JapaneseGardenPackage/Pipelines/BlackPineTree_A.asset
  artifactKey: Guid(29049d4cfa44efd3a8f82cbdf9e88daa) Importer(815301076,1909f56bfc062723c751e8b465ee728b)
Start importing Assets/Waldemarst/JapaneseGardenPackage/Pipelines/BlackPineTree_A.asset using Guid(29049d4cfa44efd3a8f82cbdf9e88daa) Importer(815301076,1909f56bfc062723c751e8b465ee728b)  -> (artifact id: '523d1e243a0c75dca1d038e392f817dc') in 0.014343 seconds 
  Import took 0.018781 seconds .

========================================================================
Received Import Request.
  Time since last request: 0.000233 seconds.
  path: Assets/Waldemarst/JapaneseGardenPackage/Pipelines/JapaneseMapleTree_B.asset
  artifactKey: Guid(b7709676a290d503cb9a9bf62c3595bb) Importer(815301076,1909f56bfc062723c751e8b465ee728b)
Start importing Assets/Waldemarst/JapaneseGardenPackage/Pipelines/JapaneseMapleTree_B.asset using Guid(b7709676a290d503cb9a9bf62c3595bb) Importer(815301076,1909f56bfc062723c751e8b465ee728b)  -> (artifact id: 'aaaa4944383f65d894fb835573faeb71') in 0.015251 seconds 
  Import took 0.020287 seconds .

========================================================================
Received Import Request.
  Time since last request: 0.000215 seconds.
  path: Assets/Waldemarst/JapaneseGardenPackage/Pipelines/SakuraTree_E.asset
  artifactKey: Guid(fb6ca54596e60ab00864fec6aa0c68d7) Importer(815301076,1909f56bfc062723c751e8b465ee728b)
Start importing Assets/Waldemarst/JapaneseGardenPackage/Pipelines/SakuraTree_E.asset using Guid(fb6ca54596e60ab00864fec6aa0c68d7) Importer(815301076,1909f56bfc062723c751e8b465ee728b)  -> (artifact id: 'd7127f302d64e179b052d3231826b015') in 0.013918 seconds 
  Import took 0.039370 seconds .

========================================================================
Received Import Request.
  Time since last request: 0.000167 seconds.
  path: Assets/Waldemarst/JapaneseGardenPackage/Pipelines/BlackPineTree_D.asset
  artifactKey: Guid(aace7b2bceb860eab946aa16316277d1) Importer(815301076,1909f56bfc062723c751e8b465ee728b)
Start importing Assets/Waldemarst/JapaneseGardenPackage/Pipelines/BlackPineTree_D.asset using Guid(aace7b2bceb860eab946aa16316277d1) Importer(815301076,1909f56bfc062723c751e8b465ee728b)  -> (artifact id: '5e87dfa4d2c67635642943265f709b4d') in 0.015925 seconds 
  Import took 0.020674 seconds .

========================================================================
Received Import Request.
  Time since last request: 0.000204 seconds.
  path: Assets/Waldemarst/JapaneseGardenPackage/Pipelines/BlackPineTree_C.asset
  artifactKey: Guid(c891eb18ca8fb23a1906000509356efd) Importer(815301076,1909f56bfc062723c751e8b465ee728b)
Start importing Assets/Waldemarst/JapaneseGardenPackage/Pipelines/BlackPineTree_C.asset using Guid(c891eb18ca8fb23a1906000509356efd) Importer(815301076,1909f56bfc062723c751e8b465ee728b)  -> (artifact id: 'b7d1b96a4f741c64a746eeb690577056') in 0.014741 seconds 
  Import took 0.020214 seconds .

========================================================================
Received Import Request.
  Time since last request: 0.000205 seconds.
  path: Assets/Waldemarst/JapaneseGardenPackage/Pipelines/SakuraTree_A.asset
  artifactKey: Guid(41b71159270fc5f0a9f3761116874ec9) Importer(815301076,1909f56bfc062723c751e8b465ee728b)
Start importing Assets/Waldemarst/JapaneseGardenPackage/Pipelines/SakuraTree_A.asset using Guid(41b71159270fc5f0a9f3761116874ec9) Importer(815301076,1909f56bfc062723c751e8b465ee728b)  -> (artifact id: '736dd13f5ae9056dda3457dc93102c98') in 0.016383 seconds 
  Import took 0.022038 seconds .

========================================================================
Received Import Request.
  Time since last request: 0.000184 seconds.
  path: Assets/Waldemarst/JapaneseGardenPackage/Pipelines/SakuraTree_B.asset
  artifactKey: Guid(28c054474de6a188c84da9761a812f9b) Importer(815301076,1909f56bfc062723c751e8b465ee728b)
Start importing Assets/Waldemarst/JapaneseGardenPackage/Pipelines/SakuraTree_B.asset using Guid(28c054474de6a188c84da9761a812f9b) Importer(815301076,1909f56bfc062723c751e8b465ee728b)  -> (artifact id: 'd5b95e388d9f378f2982a35a688cf57e') in 0.016476 seconds 
  Import took 0.021287 seconds .

========================================================================
Received Import Request.
  Time since last request: 0.000203 seconds.
  path: Assets/Waldemarst/JapaneseGardenPackage/Pipelines/SakuraTree_F.asset
  artifactKey: Guid(7cd6589981e1a4bc8bec74b4e6cfdb89) Importer(815301076,1909f56bfc062723c751e8b465ee728b)
Start importing Assets/Waldemarst/JapaneseGardenPackage/Pipelines/SakuraTree_F.asset using Guid(7cd6589981e1a4bc8bec74b4e6cfdb89) Importer(815301076,1909f56bfc062723c751e8b465ee728b)  -> (artifact id: '299af7afca4502085b29c368bdf803eb') in 0.014826 seconds 
  Import took 0.019120 seconds .

========================================================================
Received Import Request.
  Time since last request: 0.000171 seconds.
  path: Assets/Waldemarst/JapaneseGardenPackage/Pipelines/BlackPineTree_B.asset
  artifactKey: Guid(110f80cb3c4e0fbee9d08adf8691d1f9) Importer(815301076,1909f56bfc062723c751e8b465ee728b)
Start importing Assets/Waldemarst/JapaneseGardenPackage/Pipelines/BlackPineTree_B.asset using Guid(110f80cb3c4e0fbee9d08adf8691d1f9) Importer(815301076,1909f56bfc062723c751e8b465ee728b)  -> (artifact id: '9e34e80466aac4f536d51fddf1bff527') in 0.014055 seconds 
  Import took 0.018790 seconds .

========================================================================
Received Import Request.
  Time since last request: 0.000257 seconds.
  path: Assets/Waldemarst/JapaneseGardenPackage/Pipelines/SakuraTree_D.asset
  artifactKey: Guid(24e2a5946823a912398d37b58fac08fc) Importer(815301076,1909f56bfc062723c751e8b465ee728b)
Start importing Assets/Waldemarst/JapaneseGardenPackage/Pipelines/SakuraTree_D.asset using Guid(24e2a5946823a912398d37b58fac08fc) Importer(815301076,1909f56bfc062723c751e8b465ee728b)  -> (artifact id: 'f0ce1b3b4391a1475ab69880e541f695') in 0.015033 seconds 
  Import took 0.019891 seconds .

========================================================================
Received Import Request.
  Time since last request: 0.000256 seconds.
  path: Assets/Waldemarst/JapaneseGardenPackage/Pipelines/JapaneseMapleTree_C.asset
  artifactKey: Guid(c30f61f3add5fea059aac2a8dbc17def) Importer(815301076,1909f56bfc062723c751e8b465ee728b)
Start importing Assets/Waldemarst/JapaneseGardenPackage/Pipelines/JapaneseMapleTree_C.asset using Guid(c30f61f3add5fea059aac2a8dbc17def) Importer(815301076,1909f56bfc062723c751e8b465ee728b)  -> (artifact id: '047b7eb192bf288326f2cac9d05cbe58') in 0.020447 seconds 
  Import took 0.027573 seconds .

========================================================================
Received Import Request.
  Time since last request: 0.000224 seconds.
  path: Assets/Waldemarst/JapaneseGardenPackage/Pipelines/SakuraTree_C.asset
  artifactKey: Guid(9f9bedff8b59603f68ba0c7dc13eec15) Importer(815301076,1909f56bfc062723c751e8b465ee728b)
Start importing Assets/Waldemarst/JapaneseGardenPackage/Pipelines/SakuraTree_C.asset using Guid(9f9bedff8b59603f68ba0c7dc13eec15) Importer(815301076,1909f56bfc062723c751e8b465ee728b)  -> (artifact id: 'b0498464f957a22513ed8c1b767983a4') in 0.016554 seconds 
  Import took 0.021494 seconds .

========================================================================
Received Import Request.
  Time since last request: 0.000232 seconds.
  path: Assets/Waldemarst/JapaneseGardenPackage/Pipelines/BlackPineTree_E.asset
  artifactKey: Guid(cca4c9ad8c62b836f8b7eeffe57bd1e7) Importer(815301076,1909f56bfc062723c751e8b465ee728b)
Start importing Assets/Waldemarst/JapaneseGardenPackage/Pipelines/BlackPineTree_E.asset using Guid(cca4c9ad8c62b836f8b7eeffe57bd1e7) Importer(815301076,1909f56bfc062723c751e8b465ee728b)  -> (artifact id: 'e70228124972fa4011ba2c343419c44f') in 0.014427 seconds 
  Import took 0.019537 seconds .

========================================================================
Received Import Request.
  Time since last request: 0.000246 seconds.
  path: Assets/Waldemarst/JapaneseGardenPackage/Pipelines/JapaneseMapleTree_A.asset
  artifactKey: Guid(9de1c24ed92017ee1952d8d122dff3da) Importer(815301076,1909f56bfc062723c751e8b465ee728b)
Start importing Assets/Waldemarst/JapaneseGardenPackage/Pipelines/JapaneseMapleTree_A.asset using Guid(9de1c24ed92017ee1952d8d122dff3da) Importer(815301076,1909f56bfc062723c751e8b465ee728b)  -> (artifact id: 'ed8827e675dad8bceb571b8e8fffc055') in 0.017086 seconds 
  Import took 0.023235 seconds .

========================================================================
Received Import Request.
  Time since last request: 0.000231 seconds.
  path: Assets/Waldemarst/JapaneseGardenPackage/Pipelines/JapaneseMapleTree_D.asset
  artifactKey: Guid(fe7441c610dac7f2489534ec163e7db4) Importer(815301076,1909f56bfc062723c751e8b465ee728b)
Start importing Assets/Waldemarst/JapaneseGardenPackage/Pipelines/JapaneseMapleTree_D.asset using Guid(fe7441c610dac7f2489534ec163e7db4) Importer(815301076,1909f56bfc062723c751e8b465ee728b)  -> (artifact id: 'bbd7fb3cfbc18f5ec4a65f54ea121f79') in 0.014909 seconds 
  Import took 0.019755 seconds .

========================================================================
Received Import Request.
  Time since last request: 2.641210 seconds.
  path: Assets/Waldemarst/JapaneseGardenPackage/Scenes
  artifactKey: Guid(9b6dce7f9ef7d401691235744f82728f) Importer(815301076,1909f56bfc062723c751e8b465ee728b)
Start importing Assets/Waldemarst/JapaneseGardenPackage/Scenes using Guid(9b6dce7f9ef7d401691235744f82728f) Importer(815301076,1909f56bfc062723c751e8b465ee728b)  -> (artifact id: 'ab7f22314274ec09755e9cc03bd2b226') in 0.006315 seconds 
  Import took 0.009475 seconds .

========================================================================
Received Import Request.
  Time since last request: 4.904116 seconds.
  path: Assets/Waldemarst/JapaneseGardenPackage/Scenes/Showcase.unity
  artifactKey: Guid(ee7b3af939accaf96ac3ac92d34a377b) Importer(815301076,1909f56bfc062723c751e8b465ee728b)
Start importing Assets/Waldemarst/JapaneseGardenPackage/Scenes/Showcase.unity using Guid(ee7b3af939accaf96ac3ac92d34a377b) Importer(815301076,1909f56bfc062723c751e8b465ee728b)  -> (artifact id: '48644c1c7387a08eb9c27ec3d37618e3') in 0.006262 seconds 
  Import took 0.009168 seconds .

========================================================================
Received Import Request.
  Time since last request: 10.984633 seconds.
  path: Assets/Waldemarst/JapaneseGardenPackage/Scenes/JapaneseGarden.unity
  artifactKey: Guid(80a26d31b4c6248999e489e0894e9395) Importer(815301076,1909f56bfc062723c751e8b465ee728b)
Start importing Assets/Waldemarst/JapaneseGardenPackage/Scenes/JapaneseGarden.unity using Guid(80a26d31b4c6248999e489e0894e9395) Importer(815301076,1909f56bfc062723c751e8b465ee728b)  -> (artifact id: '38c67dab711a2a66fe9931177e9fa726') in 0.005996 seconds 
  Import took 0.008923 seconds .

========================================================================
Received Import Request.
  Time since last request: 18.344846 seconds.
  path: Assets/Waldemarst/Broccoli
  artifactKey: Guid(841e29409f10f48b2b5e4b2965126a8e) Importer(815301076,1909f56bfc062723c751e8b465ee728b)
Start importing Assets/Waldemarst/Broccoli using Guid(841e29409f10f48b2b5e4b2965126a8e) Importer(815301076,1909f56bfc062723c751e8b465ee728b)  -> (artifact id: '72d6a43ac1016fdb13fa244ef8569498') in 0.005763 seconds 
  Import took 0.008734 seconds .

========================================================================
Received Import Request.
  Time since last request: 0.633908 seconds.
  path: Assets/Waldemarst/Broccoli/Controller
  artifactKey: Guid(80ba32c0d216e63a393fb3561eea532a) Importer(815301076,1909f56bfc062723c751e8b465ee728b)
Start importing Assets/Waldemarst/Broccoli/Controller using Guid(80ba32c0d216e63a393fb3561eea532a) Importer(815301076,1909f56bfc062723c751e8b465ee728b)  -> (artifact id: '0d5c38de911cdbe8611ff5ecbd4f1b68') in 0.005930 seconds 
  Import took 0.008856 seconds .

========================================================================
Received Import Request.
  Time since last request: 1.025658 seconds.
  path: Assets/Waldemarst/Broccoli/Controller/BroccoTreeController_1_2_5.cs
  artifactKey: Guid(f5074815050d00ce3859d48d8c0394e4) Importer(815301076,1909f56bfc062723c751e8b465ee728b)
Start importing Assets/Waldemarst/Broccoli/Controller/BroccoTreeController_1_2_5.cs using Guid(f5074815050d00ce3859d48d8c0394e4) Importer(815301076,1909f56bfc062723c751e8b465ee728b)  -> (artifact id: 'ea52ef7eebdfa3b9a5aec3401e840da7') in 0.010164 seconds 
  Import took 0.013184 seconds .

========================================================================
Received Import Request.
  Time since last request: 24.520370 seconds.
  path: Assets/Scenes/Start.unity
  artifactKey: Guid(9fc0d4010bbf28b4594072e72b8655ab) Importer(815301076,1909f56bfc062723c751e8b465ee728b)
Start importing Assets/Scenes/Start.unity using Guid(9fc0d4010bbf28b4594072e72b8655ab) Importer(815301076,1909f56bfc062723c751e8b465ee728b)  -> (artifact id: '09778baefccb6b90a77c69bb9a6b2ee7') in 0.007161 seconds 
  Import took 0.009980 seconds .

========================================================================
Received Prepare
Registering precompiled user dll's ...
Registered in 0.005862 seconds.
Begin MonoManager ReloadAssembly
Native extension for WindowsStandalone target not found
Refreshing native plugins compatible for Editor in 0.50 ms, found 2 plugins.
Preloading 0 native plugins for Editor in 0.00 ms.
Mono: successfully reloaded assembly
- Completed reload, in  0.847 seconds
Domain Reload Profiling:
	ReloadAssembly (848ms)
		BeginReloadAssembly (116ms)
			ExecutionOrderSort (0ms)
			DisableScriptedObjects (4ms)
			BackupInstance (0ms)
			ReleaseScriptingObjects (0ms)
			CreateAndSetChildDomain (29ms)
		EndReloadAssembly (665ms)
			LoadAssemblies (90ms)
			RebuildTransferFunctionScriptingTraits (0ms)
			SetupTypeCache (221ms)
			ReleaseScriptCaches (1ms)
			RebuildScriptCaches (32ms)
			SetupLoadedEditorAssemblies (245ms)
				LogAssemblyErrors (0ms)
				InitializePlatformSupportModulesInManaged (4ms)
				SetLoadedEditorAssemblies (0ms)
				RefreshPlugins (1ms)
				BeforeProcessingInitializeOnLoad (69ms)
				ProcessInitializeOnLoadAttributes (152ms)
				ProcessInitializeOnLoadMethodAttributes (8ms)
				AfterProcessingInitializeOnLoad (11ms)
				EditorAssembliesLoaded (0ms)
			ExecutionOrderSort2 (0ms)
			AwakeInstancesAfterBackupRestoration (6ms)
Platform modules already initialized, skipping
Refreshing native plugins compatible for Editor in 0.51 ms, found 2 plugins.
Preloading 0 native plugins for Editor in 0.00 ms.
Unloading 1575 Unused Serialized files (Serialized files now loaded: 0)
System memory in use before: 118.7 MB.
System memory in use after: 118.4 MB.

Unloading 14 unused Assets to reduce memory usage. Loaded Objects now: 2182.
Total: 3.365100 ms (FindLiveObjects: 0.250900 ms CreateObjectMapping: 0.044700 ms MarkObjects: 2.797600 ms  DeleteObjects: 0.271100 ms)

AssetImportParameters requested are different than current active one (requested -> active):
  custom:framework-win-MediaFoundation: 216162199b28c13a410421893ffa2e32 -> 
  custom:video-decoder-ogg-theora: a1e56fd34408186e4bbccfd4996cb3dc -> 
  custom:container-muxer-webm: aa71ff27fc2769a1b78a27578f13a17b -> 
  custom:container-demuxer-webm: 4f35f7cbe854078d1ac9338744f61a02 -> 
  custom:container-demuxer-ogg: 62fdf1f143b41e24485cea50d1cbac27 -> 
  custom:video-encoder-webm-vp8: eb34c28f22e8b96e1ab97ce403110664 -> 
  custom:video-decoder-webm-vp8: 9c59270c3fd7afecdb556c50c9e8de78 -> 
  custom:audio-decoder-ogg-vorbis: bf7c407c2cedff20999df2af8eb42d56 -> 
  custom:audio-encoder-webm-vorbis: bf7c407c2cedff20999df2af8eb42d56 -> 
========================================================================
Received Import Request.
  Time since last request: 158.726985 seconds.
  path: Assets/_TerrainAutoUpgrade
  artifactKey: Guid(3394a87c433480945bc67d274b555870) Importer(815301076,1909f56bfc062723c751e8b465ee728b)
Start importing Assets/_TerrainAutoUpgrade using Guid(3394a87c433480945bc67d274b555870) Importer(815301076,1909f56bfc062723c751e8b465ee728b)  -> (artifact id: 'b621b1d596896a4172eb26343edc3964') in 0.008888 seconds 
  Import took 0.011811 seconds .

========================================================================
Received Import Request.
  Time since last request: 1.676580 seconds.
  path: Assets/Fox
  artifactKey: Guid(0f259f9ca50dd93429af860157caf2a4) Importer(815301076,1909f56bfc062723c751e8b465ee728b)
Start importing Assets/Fox using Guid(0f259f9ca50dd93429af860157caf2a4) Importer(815301076,1909f56bfc062723c751e8b465ee728b)  -> (artifact id: '359f0ecde8d80736665ace9ef620ce47') in 0.005480 seconds 
  Import took 0.008493 seconds .

========================================================================
Received Import Request.
  Time since last request: 223.852952 seconds.
  path: Assets/Waldemarst/JapaneseGardenPackage/Prefabs/JapaneseMapleTree_D_Textures
  artifactKey: Guid(573bca542f2bee7eea3934eff0308f1f) Importer(815301076,1909f56bfc062723c751e8b465ee728b)
Start importing Assets/Waldemarst/JapaneseGardenPackage/Prefabs/JapaneseMapleTree_D_Textures using Guid(573bca542f2bee7eea3934eff0308f1f) Importer(815301076,1909f56bfc062723c751e8b465ee728b)  -> (artifact id: '0ccb205c1b0079e5be280cc2b45969b7') in 0.006028 seconds 
  Import took 0.009081 seconds .

========================================================================
Received Import Request.
  Time since last request: 0.057403 seconds.
  path: Assets/Waldemarst/JapaneseGardenPackage/Prefabs/JapaneseMapleTree_D_Textures/atlas.png
  artifactKey: Guid(d5eb9678ba4201e13ae1ae6dc2b0ee7c) Importer(815301076,1909f56bfc062723c751e8b465ee728b)
Start importing Assets/Waldemarst/JapaneseGardenPackage/Prefabs/JapaneseMapleTree_D_Textures/atlas.png using Guid(d5eb9678ba4201e13ae1ae6dc2b0ee7c) Importer(815301076,1909f56bfc062723c751e8b465ee728b)  -> (artifact id: 'afd6cb77f90c0bac6e7f82537b7d36c2') in 0.041267 seconds 
  Import took 0.044126 seconds .

========================================================================
Received Import Request.
  Time since last request: 0.000169 seconds.
  path: Assets/Waldemarst/JapaneseGardenPackage/Prefabs/JapaneseMapleTree_D_Textures/shadow.png
  artifactKey: Guid(ffb517f0ae30acbba98fb002d7d03443) Importer(815301076,1909f56bfc062723c751e8b465ee728b)
Start importing Assets/Waldemarst/JapaneseGardenPackage/Prefabs/JapaneseMapleTree_D_Textures/shadow.png using Guid(ffb517f0ae30acbba98fb002d7d03443) Importer(815301076,1909f56bfc062723c751e8b465ee728b)  -> (artifact id: '1c6ebc6b43d8a631e133ee4fd7b1189a') in 0.007646 seconds 
  Import took 0.010255 seconds .

========================================================================
Received Import Request.
  Time since last request: 0.000238 seconds.
  path: Assets/Waldemarst/JapaneseGardenPackage/Prefabs/JapaneseMapleTree_D_Textures/billboard.png
  artifactKey: Guid(0d4e65431e057a216b6d444ce226ac7b) Importer(815301076,1909f56bfc062723c751e8b465ee728b)
Start importing Assets/Waldemarst/JapaneseGardenPackage/Prefabs/JapaneseMapleTree_D_Textures/billboard.png using Guid(0d4e65431e057a216b6d444ce226ac7b) Importer(815301076,1909f56bfc062723c751e8b465ee728b)  -> (artifact id: '9a740e2f332f80c2075510238ebb2f82') in 0.018163 seconds 
  Import took 0.078868 seconds .

========================================================================
Received Import Request.
  Time since last request: 0.000235 seconds.
  path: Assets/Waldemarst/JapaneseGardenPackage/Prefabs/JapaneseMapleTree_D_Textures/normal_atlas.png
  artifactKey: Guid(9b5306c6eb98664f18471d0fc1de124e) Importer(815301076,1909f56bfc062723c751e8b465ee728b)
Start importing Assets/Waldemarst/JapaneseGardenPackage/Prefabs/JapaneseMapleTree_D_Textures/normal_atlas.png using Guid(9b5306c6eb98664f18471d0fc1de124e) Importer(815301076,1909f56bfc062723c751e8b465ee728b)  -> (artifact id: 'd2a91fcc5c558caf8b430d25c128344b') in 0.011040 seconds 
  Import took 0.013896 seconds .

========================================================================
Received Import Request.
  Time since last request: 0.000218 seconds.
  path: Assets/Waldemarst/JapaneseGardenPackage/Prefabs/JapaneseMapleTree_D_Textures/translucency_gloss.png
  artifactKey: Guid(4c5dbff6b8ecb1ddda77889d7c0a2cc4) Importer(815301076,1909f56bfc062723c751e8b465ee728b)
Start importing Assets/Waldemarst/JapaneseGardenPackage/Prefabs/JapaneseMapleTree_D_Textures/translucency_gloss.png using Guid(4c5dbff6b8ecb1ddda77889d7c0a2cc4) Importer(815301076,1909f56bfc062723c751e8b465ee728b)  -> (artifact id: '7811d923224164d9902acbbf71845c74') in 0.008329 seconds 
  Import took 0.010877 seconds .

========================================================================
Received Import Request.
  Time since last request: 0.000186 seconds.
  path: Assets/Waldemarst/JapaneseGardenPackage/Prefabs/JapaneseMapleTree_D_Textures/bark.png
  artifactKey: Guid(54f9517a9cffa36679f289ba606dfe0f) Importer(815301076,1909f56bfc062723c751e8b465ee728b)
Start importing Assets/Waldemarst/JapaneseGardenPackage/Prefabs/JapaneseMapleTree_D_Textures/bark.png using Guid(54f9517a9cffa36679f289ba606dfe0f) Importer(815301076,1909f56bfc062723c751e8b465ee728b)  -> (artifact id: '66c3e79045f4de2f4b3a14ede1a5f34f') in 0.013902 seconds 
  Import took 0.016362 seconds .

========================================================================
Received Import Request.
  Time since last request: 0.000205 seconds.
  path: Assets/Waldemarst/JapaneseGardenPackage/Prefabs/JapaneseMapleTree_D_Textures/billboard_normal.png
  artifactKey: Guid(a8399b53dc39bbb66af9bb83d9a9215a) Importer(815301076,1909f56bfc062723c751e8b465ee728b)
Start importing Assets/Waldemarst/JapaneseGardenPackage/Prefabs/JapaneseMapleTree_D_Textures/billboard_normal.png using Guid(a8399b53dc39bbb66af9bb83d9a9215a) Importer(815301076,1909f56bfc062723c751e8b465ee728b)  -> (artifact id: '30dae7b9c9611a705538ea41b1cf26d3') in 0.020678 seconds 
  Import took 0.023283 seconds .

========================================================================
Received Prepare
Registering precompiled user dll's ...
Registered in 0.005818 seconds.
Begin MonoManager ReloadAssembly
Native extension for WindowsStandalone target not found
Refreshing native plugins compatible for Editor in 0.49 ms, found 2 plugins.
Preloading 0 native plugins for Editor in 0.00 ms.
Mono: successfully reloaded assembly
- Completed reload, in  0.856 seconds
Domain Reload Profiling:
	ReloadAssembly (857ms)
		BeginReloadAssembly (116ms)
			ExecutionOrderSort (0ms)
			DisableScriptedObjects (4ms)
			BackupInstance (0ms)
			ReleaseScriptingObjects (0ms)
			CreateAndSetChildDomain (29ms)
		EndReloadAssembly (673ms)
			LoadAssemblies (89ms)
			RebuildTransferFunctionScriptingTraits (0ms)
			SetupTypeCache (225ms)
			ReleaseScriptCaches (1ms)
			RebuildScriptCaches (33ms)
			SetupLoadedEditorAssemblies (246ms)
				LogAssemblyErrors (0ms)
				InitializePlatformSupportModulesInManaged (3ms)
				SetLoadedEditorAssemblies (0ms)
				RefreshPlugins (1ms)
				BeforeProcessingInitializeOnLoad (70ms)
				ProcessInitializeOnLoadAttributes (152ms)
				ProcessInitializeOnLoadMethodAttributes (8ms)
				AfterProcessingInitializeOnLoad (11ms)
				EditorAssembliesLoaded (0ms)
			ExecutionOrderSort2 (0ms)
			AwakeInstancesAfterBackupRestoration (6ms)
Platform modules already initialized, skipping
Refreshing native plugins compatible for Editor in 0.48 ms, found 2 plugins.
Preloading 0 native plugins for Editor in 0.00 ms.
Unloading 1575 Unused Serialized files (Serialized files now loaded: 0)
System memory in use before: 118.7 MB.
System memory in use after: 118.4 MB.

Unloading 13 unused Assets to reduce memory usage. Loaded Objects now: 2185.
Total: 3.045800 ms (FindLiveObjects: 0.229000 ms CreateObjectMapping: 0.037400 ms MarkObjects: 2.406800 ms  DeleteObjects: 0.371000 ms)

AssetImportParameters requested are different than current active one (requested -> active):
  custom:framework-win-MediaFoundation: 216162199b28c13a410421893ffa2e32 -> 
  custom:video-decoder-ogg-theora: a1e56fd34408186e4bbccfd4996cb3dc -> 
  custom:container-muxer-webm: aa71ff27fc2769a1b78a27578f13a17b -> 
  custom:container-demuxer-webm: 4f35f7cbe854078d1ac9338744f61a02 -> 
  custom:container-demuxer-ogg: 62fdf1f143b41e24485cea50d1cbac27 -> 
  custom:video-encoder-webm-vp8: eb34c28f22e8b96e1ab97ce403110664 -> 
  custom:video-decoder-webm-vp8: 9c59270c3fd7afecdb556c50c9e8de78 -> 
  custom:audio-decoder-ogg-vorbis: bf7c407c2cedff20999df2af8eb42d56 -> 
  custom:audio-encoder-webm-vorbis: bf7c407c2cedff20999df2af8eb42d56 -> 
AssetImportWorkerClient::OnTransportError - code=2 error=End of file
